WOD DATASET CLEANING LOG
============================================================

1. Removing artifact movement: '45 Kgs)).' (ID: 4)
2. Removing artifact movement: '16 Kg)' (ID: 7)
3. Removing artifact movement: '15 Squats.' (ID: 9)
4. Removing artifact movement: '24 Kg)' (ID: 62)
5. Removing artifact movement: '25 Kgs)' (ID: 73)
6. Removing artifact movement: '35 Kgs)).' (ID: 78)
7. Removing artifact movement: '5 Kgs)).' (ID: 88)
8. Removing artifact movement: '25 Kgs)).' (ID: 91)
9. Removing artifact movement: '16 Kg' (ID: 97)
10. Removing artifact movement: '15 Kgs)' (ID: 111)
11. Removing artifact movement: '60 Kgs)).' (ID: 113)
12. Removing artifact movement: '50 Kgs)).' (ID: 134)
13. Removing artifact movement: '70 Kgs)).' (ID: 135)
14. Removing artifact movement: '10 Kgs)' (ID: 136)
15. Removing artifact movement: '30 Kgs)).' (ID: 143)
16. Removing artifact movement: '10 Kgs)).' (ID: 168)
17. Removed 42 workout-movement mappings for artifact movements
18. Removed 52 movement-equipment mappings for artifact movements
19. Removing overly long equipment entry (ID: 10): 300 Reps. The 12 Labours are: 1) 240m Farmers Carr...
20. Removing overly long equipment entry (ID: 104): followed by one of the 12 Labours in order. (Repla...
21. Removing overly long equipment entry (ID: 105): followed by one of the 12 Labours in order. The 12...
22. Removing overly long equipment entry (ID: 106): followed by one of the 6 Rep Labours in order. The...
23. Removing overly long equipment entry (ID: 108): then split the reps of the Labour. The 6 Labours a...
24. Removing overly long equipment entry (ID: 109): then split the reps/distance of the Labour in any ...
25. Removed 6 movement-equipment mappings for invalid equipment
